0 info it worked if it ends with ok
1 verbose cli [ '/usr/local/bin/node',
1 verbose cli   '/usr/local/bin/npm',
1 verbose cli   'run',
1 verbose cli   'start',
1 verbose cli   '--',
1 verbose cli   '--root',
1 verbose cli   '/Users/HotFeeling/Desktop/Project/MyReactNativeSample/ReactComponent/ReactComponent' ]
2 info using npm@2.14.7
3 info using node@v4.2.1
4 verbose run-script [ 'prestart', 'start', 'poststart' ]
5 info prestart MyReactNativeSample@0.0.1
6 info start MyReactNativeSample@0.0.1
7 verbose unsafe-perm in lifecycle true
8 info MyReactNativeSample@0.0.1 Failed to exec start script
9 verbose stack Error: MyReactNativeSample@0.0.1 start: `node_modules/react-native/packager/packager.sh "--root" "/Users/HotFeeling/Desktop/Project/MyReactNativeSample/ReactComponent/ReactComponent"`
9 verbose stack Exit status 1
9 verbose stack     at EventEmitter.<anonymous> (/usr/local/lib/node_modules/npm/lib/utils/lifecycle.js:214:16)
9 verbose stack     at emitTwo (events.js:87:13)
9 verbose stack     at EventEmitter.emit (events.js:172:7)
9 verbose stack     at ChildProcess.<anonymous> (/usr/local/lib/node_modules/npm/lib/utils/spawn.js:24:14)
9 verbose stack     at emitTwo (events.js:87:13)
9 verbose stack     at ChildProcess.emit (events.js:172:7)
9 verbose stack     at maybeClose (internal/child_process.js:818:16)
9 verbose stack     at Process.ChildProcess._handle.onexit (internal/child_process.js:211:5)
10 verbose pkgid MyReactNativeSample@0.0.1
11 verbose cwd /Users/HotFeeling/Desktop/Project/MyReactNativeSample/ReactComponent
12 error Darwin 15.0.0
13 error argv "/usr/local/bin/node" "/usr/local/bin/npm" "run" "start" "--" "--root" "/Users/HotFeeling/Desktop/Project/MyReactNativeSample/ReactComponent/ReactComponent"
14 error node v4.2.1
15 error npm  v2.14.7
16 error code ELIFECYCLE
17 error MyReactNativeSample@0.0.1 start: `node_modules/react-native/packager/packager.sh "--root" "/Users/HotFeeling/Desktop/Project/MyReactNativeSample/ReactComponent/ReactComponent"`
17 error Exit status 1
18 error Failed at the MyReactNativeSample@0.0.1 start script 'node_modules/react-native/packager/packager.sh "--root" "/Users/HotFeeling/Desktop/Project/MyReactNativeSample/ReactComponent/ReactComponent"'.
18 error This is most likely a problem with the MyReactNativeSample package,
18 error not with npm itself.
18 error Tell the author that this fails on your system:
18 error     node_modules/react-native/packager/packager.sh "--root" "/Users/HotFeeling/Desktop/Project/MyReactNativeSample/ReactComponent/ReactComponent"
18 error You can get their info via:
18 error     npm owner ls MyReactNativeSample
18 error There is likely additional logging output above.
19 verbose exit [ 1, true ]
